This is XeTeX, Version 3.1415926-2.3-0.9997.5 (MiKTeX 2.9) (preloaded format=xelatex 2016.3.13)  23 APR 2016 10:42
entering extended mode
**Reprot_sweave.tex
(C:\Users\kira2\Dropbox\STT864\Project\Reprot_sweave.tex
LaTeX2e <2011/06/27>
Babel <v3.8m> and hyphenation patterns for loaded.
(G:\CTEX\MiKTeX\tex\latex\base\article.cls
Document Class: article 2007/10/19 v1.4h Standard LaTeX document class
(G:\CTEX\MiKTeX\tex\latex\base\size12.clo
File: size12.clo 2007/10/19 v1.4h Standard LaTeX file (size option)
Requested font "cmr12" at 12.0pt
 -> cmr12
)
\c@part=\count80
\c@section=\count81
\c@subsection=\count82
\c@subsubsection=\count83
\c@paragraph=\count84
\c@subparagraph=\count85
\c@figure=\count86
\c@table=\count87
\abovecaptionskip=\skip41
\belowcaptionskip=\skip42
\bibindent=\dimen102
)
(G:\CTEX\MiKTeX\tex\latex\fontspec\fontspec.sty
Package: fontspec 2011/09/18 v2.2a Advanced font selection for XeLaTeX/LuaLaTeX


(G:\CTEX\MiKTeX\tex\latex\l3kernel\expl3.sty
(G:\CTEX\MiKTeX\tex\latex\l3kernel\l3names.sty
(G:\CTEX\MiKTeX\tex\latex\l3kernel\l3bootstrap.sty
Package: l3bootstrap 2011/12/29 v3110 L3 Experimental bootstrap code
)
Package: l3names 2011/12/30 v3113 L3 Experimental namespace for primitives
)
(G:\CTEX\MiKTeX\tex\latex\misc\etex.sty
Package: etex 1998/03/26 v2.0 eTeX basic definition package (PEB)
\et@xins=\count88
)
Package: expl3 2012/02/26 v3471 L3 Experimental code bundle wrapper

(G:\CTEX\MiKTeX\tex\latex\graphics\color.sty
Package: color 2005/11/14 v1.0j Standard LaTeX Color (DPC)

(G:\CTEX\MiKTeX\tex\latex\00miktex\color.cfg
File: color.cfg 2007/01/18 v1.5 color configuration of teTeX/TeXLive
)
Package color Info: Driver file: xetex.def on input line 130.

(G:\CTEX\MiKTeX\tex\xelatex\xetex-def\xetex.def
File: xetex.def 2009/11/22 v0.94 LaTeX color/graphics driver for XeTeX (RRM/JK)

))
(G:\CTEX\MiKTeX\tex\latex\graphics\graphics.sty
Package: graphics 2009/02/05 v1.0o Standard LaTeX Graphics (DPC,SPQR)

(G:\CTEX\MiKTeX\tex\latex\graphics\trig.sty
Package: trig 1999/03/16 v1.09 sin cos tan (DPC)
)
(G:\CTEX\MiKTeX\tex\latex\00miktex\graphics.cfg
File: graphics.cfg 2007/01/18 v1.5 graphics configuration of teTeX/TeXLive
)
Package graphics Info: Driver file: xetex.def on input line 91.
)
(G:\CTEX\MiKTeX\tex\latex\l3kernel\l3basics.sty
Package: l3basics 2012/02/26 v3460 L3 Experimental basic definitions
)
(G:\CTEX\MiKTeX\tex\latex\l3kernel\l3expan.sty
Package: l3expan 2012/02/26 v3460 L3 Experimental argument expansion
)
(G:\CTEX\MiKTeX\tex\latex\l3kernel\l3tl.sty
Package: l3tl 2012/02/26 v3460 L3 Experimental token lists
)
(G:\CTEX\MiKTeX\tex\latex\l3kernel\l3seq.sty
Package: l3seq 2012/01/09 v3158 L3 Experimental sequences and stacks
)
(G:\CTEX\MiKTeX\tex\latex\l3kernel\l3int.sty
Package: l3int 2012/02/26 v3460 L3 Experimental integers
\c_max_int=\count89
\l_tmpa_int=\count90
\l_tmpb_int=\count91
\l_tmpc_int=\count92
\g_tmpa_int=\count93
\g_tmpb_int=\count94
)
(G:\CTEX\MiKTeX\tex\latex\l3kernel\l3quark.sty
Package: l3quark 2012/02/12 v3384 L3 Experimental quarks
)
(G:\CTEX\MiKTeX\tex\latex\l3kernel\l3prg.sty
Package: l3prg 2012/02/26 v3464 L3 Experimental control structures
\g_prg_map_int=\count95
)
(G:\CTEX\MiKTeX\tex\latex\l3kernel\l3clist.sty
Package: l3clist 2012/02/26 v3460 L3 Experimental comma separated lists
)
(G:\CTEX\MiKTeX\tex\latex\l3kernel\l3token.sty
Package: l3token 2012/02/26 v3460 L3 Experimental token manipulation
)
(G:\CTEX\MiKTeX\tex\latex\l3kernel\l3prop.sty
Package: l3prop 2012/02/26 v3460 L3 Experimental property lists
)
(G:\CTEX\MiKTeX\tex\latex\l3kernel\l3msg.sty
Package: l3msg 2012/02/26 v3470 L3 Experimental messages
)
(G:\CTEX\MiKTeX\tex\latex\l3kernel\l3file.sty
Package: l3file 2012/02/26 v3464 L3 Experimental file and I/O operations
\l_iow_stream_int=\count96
\l_iow_line_length_int=\count97
\l_iow_target_length_int=\count98
\l_iow_current_line_int=\count99
\l_iow_current_word_int=\count100
\l_iow_current_indentation_int=\count101
)
(G:\CTEX\MiKTeX\tex\latex\l3kernel\l3skip.sty
Package: l3skip 2012/02/26 v3460 L3 Experimental dimensions and skips
\l_tmpa_dim=\dimen103
\l_tmpb_dim=\dimen104
\l_tmpc_dim=\dimen105
\g_tmpa_dim=\dimen106
\g_tmpb_dim=\dimen107
\l_tmpa_skip=\skip43
\l_tmpb_skip=\skip44
\l_tmpc_skip=\skip45
\g_tmpa_skip=\skip46
\g_tmpb_skip=\skip47
)
(G:\CTEX\MiKTeX\tex\latex\l3kernel\l3keys.sty
Package: l3keys 2011/12/22 v3086 L3 Experimental key-value interfaces
\g_keyval_level_int=\count102
\l_keys_choice_int=\count103
)
(G:\CTEX\MiKTeX\tex\latex\l3kernel\l3fp.sty
Package: l3fp 2012/02/06 v3315 L3 Experimental floating-point operations
\c_one_hundred_million=\count104
\c_five_hundred_million=\count105
\c_one_thousand_million=\count106
\c_fp_pi_by_four_decimal_int=\count107
\c_fp_pi_by_four_extended_int=\count108
\c_fp_pi_decimal_int=\count109
\c_fp_pi_extended_int=\count110
\c_fp_two_pi_decimal_int=\count111
\c_fp_two_pi_extended_int=\count112
\l_fp_count_int=\count113
\l_fp_div_offset_int=\count114
\l_fp_exp_integer_int=\count115
\l_fp_exp_decimal_int=\count116
\l_fp_exp_extended_int=\count117
\l_fp_exp_exponent_int=\count118
\l_fp_input_a_sign_int=\count119
\l_fp_input_a_integer_int=\count120
\l_fp_input_a_decimal_int=\count121
\l_fp_input_a_exponent_int=\count122
\l_fp_input_b_sign_int=\count123
\l_fp_input_b_integer_int=\count124
\l_fp_input_b_decimal_int=\count125
\l_fp_input_b_exponent_int=\count126
\l_fp_input_a_extended_int=\count127
\l_fp_input_b_extended_int=\count128
\l_fp_mul_a_i_int=\count129
\l_fp_mul_a_ii_int=\count130
\l_fp_mul_a_iii_int=\count131
\l_fp_mul_a_iv_int=\count132
\l_fp_mul_a_v_int=\count133
\l_fp_mul_a_vi_int=\count134
\l_fp_mul_b_i_int=\count135
\l_fp_mul_b_ii_int=\count136
\l_fp_mul_b_iii_int=\count137
\l_fp_mul_b_iv_int=\count138
\l_fp_mul_b_v_int=\count139
\l_fp_mul_b_vi_int=\count140
\l_fp_mul_output_int=\count141
\l_fp_output_sign_int=\count142
\l_fp_output_integer_int=\count143
\l_fp_output_decimal_int=\count144
\l_fp_output_exponent_int=\count145
\l_fp_output_extended_int=\count146
\l_fp_round_position_int=\count147
\l_fp_round_target_int=\count148
\l_fp_split_sign_int=\count149
\l_fp_internal_int=\count150
\l_fp_trig_octant_int=\count151
\l_fp_trig_sign_int=\count152
\l_fp_trig_decimal_int=\count153
\l_fp_trig_extended_int=\count154
\l_fp_internal_dim=\dimen108
\l_fp_internal_skip=\skip48
)
(G:\CTEX\MiKTeX\tex\latex\l3kernel\l3box.sty
Package: l3box 2012/02/18 v3432 L3 Experimental boxes
\l_tmpb_box=\box26
\l_box_top_dim=\dimen109
\l_box_bottom_dim=\dimen110
\l_box_left_dim=\dimen111
\l_box_right_dim=\dimen112
\l_box_top_new_dim=\dimen113
\l_box_bottom_new_dim=\dimen114
\l_box_left_new_dim=\dimen115
\l_box_right_new_dim=\dimen116
\l_box_internal_box=\box27
)
(G:\CTEX\MiKTeX\tex\latex\l3kernel\l3coffins.sty
Package: l3coffins 2012/02/26 v3460 L3 Experimental coffin code layer
\l_coffin_internal_box=\box28
\l_coffin_internal_dim=\dimen117
\l_coffin_offset_x_dim=\dimen118
\l_coffin_offset_y_dim=\dimen119
\l_coffin_x_dim=\dimen120
\l_coffin_y_dim=\dimen121
\l_coffin_x_prime_dim=\dimen122
\l_coffin_y_prime_dim=\dimen123
\l_coffin_Depth_dim=\dimen124
\l_coffin_Height_dim=\dimen125
\l_coffin_TotalHeight_dim=\dimen126
\l_coffin_Width_dim=\dimen127
\c_empty_coffin=\box29
\l_coffin_aligned_coffin=\box30
\l_coffin_aligned_internal_coffin=\box31
\l_coffin_bounding_shift_dim=\dimen128
\l_coffin_left_corner_dim=\dimen129
\l_coffin_right_corner_dim=\dimen130
\l_coffin_bottom_corner_dim=\dimen131
\l_coffin_top_corner_dim=\dimen132
\l_coffin_scaled_total_height_dim=\dimen133
\l_coffin_scaled_width_dim=\dimen134
\l_coffin_display_coffin=\box32
\l_coffin_display_coord_coffin=\box33
\l_coffin_display_pole_coffin=\box34
\l_coffin_display_offset_dim=\dimen135
\l_coffin_display_x_dim=\dimen136
\l_coffin_display_y_dim=\dimen137
)
(G:\CTEX\MiKTeX\tex\latex\l3kernel\l3color.sty
Package: l3color 2011/09/07 v2776 L3 Experimental colour support
)
(G:\CTEX\MiKTeX\tex\latex\l3kernel\l3luatex.sty
Package: l3luatex 2012/02/09 v3355 L3 Experimental LuaTeX-specific functions
\g_cctab_allocate_int=\count155
\g_cctab_stack_int=\count156
))
(G:\CTEX\MiKTeX\tex\latex\l3packages\xparse\xparse.sty
Package: xparse 2012/02/26 v3471 L3 Experimental document command parser
\l_xparse_current_arg_int=\count157
\l_xparse_m_args_int=\count158
\l_xparse_mandatory_args_int=\count159
\l_xparse_processor_int=\count160
\l_xparse_v_nesting_int=\count161
)
\l_fontspec_script_int=\count162
\l_fontspec_language_int=\count163
\l_fontspec_strnum_int=\count164
\l_fontspec_tmpa_dim=\dimen138
\l_fontspec_tmpb_dim=\dimen139
\l_fontspec_tmpc_dim=\dimen140
Variant \tl_gset:cV already defined; not changing it on line 66

(G:\CTEX\MiKTeX\tex\latex\fontspec\fontspec-patches.sty
Package: fontspec-patches 2011/09/18 v2.2a Advanced font selection for XeLaTeX/
LuaLaTeX

(G:\CTEX\MiKTeX\tex\latex\base\fixltx2e.sty
Package: fixltx2e 2006/09/13 v1.1m fixes to LaTeX
LaTeX Info: Redefining \em on input line 420.
)
LaTeX Info: Redefining \em on input line 22.
LaTeX Info: Redefining \emph on input line 29.
LaTeX Info: Redefining \- on input line 32.

*************************************************
* LaTeX warning: "xparse/redefine-command"
* 
* Redefining document command \oldstylenums with arg. spec. 'm' on line 107.
*************************************************
.................................................
. LaTeX info: "xparse/define-command"
. 
. Defining document command \liningnums with arg. spec. 'm' on line 111.
.................................................
) (G:\CTEX\MiKTeX\tex\latex\fontspec\fontspec-xetex.sty
Package: fontspec-xetex 2011/09/18 v2.2a Advanced font selection for XeLaTeX/Lu
aLaTeX

(G:\CTEX\MiKTeX\tex\latex\base\fontenc.sty
Package: fontenc 2005/09/27 v1.99g Standard LaTeX package

(G:\CTEX\MiKTeX\tex\latex\euenc\eu1enc.def
File: eu1enc.def 2010/05/27 v0.1h Experimental Unicode font encodings
)
LaTeX Font Info:    Try loading font information for EU1+lmr on input line 100.


(G:\CTEX\MiKTeX\tex\latex\euenc\eu1lmr.fd
File: eu1lmr.fd 2009/10/30 v1.6 Font defs for Latin Modern
)
Requested font "[lmroman10-regular]:mapping=tex-text" at 10.0pt
 -> G:/CTEX/MiKTeX/fonts/opentype/public/lm/lmroman10-regular.otf
)
(G:\CTEX\MiKTeX\tex\xelatex\xunicode\xunicode.sty
File: xunicode.sty 2011/09/09 v0.981 provides access to latin accents and many 
other characters in Unicode lower plane

(G:\CTEX\MiKTeX\tex\latex\tipa\t3enc.def
File: t3enc.def 2001/12/31 T3 encoding
Requested font "[lmromanslant10-regular]:mapping=tex-text" at 10.0pt
 -> G:/CTEX/MiKTeX/fonts/opentype/public/lm/lmromanslant10-regular.otf
Requested font "[lmroman10-italic]:mapping=tex-text" at 10.0pt
 -> G:/CTEX/MiKTeX/fonts/opentype/public/lm/lmroman10-italic.otf
Requested font "[lmroman10-bold]:mapping=tex-text" at 10.0pt
 -> G:/CTEX/MiKTeX/fonts/opentype/public/lm/lmroman10-bold.otf
LaTeX Font Info:    Try loading font information for EU1+lmss on input line 357
.

(G:\CTEX\MiKTeX\tex\latex\euenc\eu1lmss.fd
File: eu1lmss.fd 2009/10/30 v1.6 Font defs for Latin Modern
)
Requested font "[lmsans10-regular]:mapping=tex-text" at 10.0pt
 -> G:/CTEX/MiKTeX/fonts/opentype/public/lm/lmsans10-regular.otf
)
\tipaTiiicode=\count165
\tipasavetokens=\toks14
\tipachecktokens=\toks15

(G:\CTEX\MiKTeX\tex\latex\graphics\graphicx.sty
Package: graphicx 1999/02/16 v1.0f Enhanced LaTeX Graphics (DPC,SPQR)

(G:\CTEX\MiKTeX\tex\latex\graphics\keyval.sty
Package: keyval 1999/03/16 v1.13 key=value parser (DPC)
\KV@toks@=\toks16
)
\Gin@req@height=\dimen141
\Gin@req@width=\dimen142
))
.................................................
. LaTeX info: "xparse/define-command"
. 
. Defining document command \fontspec with arg. spec. 'O{}m' on line 39.
.................................................
.................................................
. LaTeX info: "xparse/define-command"
. 
. Defining document command \setmainfont with arg. spec. 'O{}m' on line 43.
.................................................
.................................................
. LaTeX info: "xparse/define-command"
. 
. Defining document command \setsansfont with arg. spec. 'O{}m' on line 47.
.................................................
.................................................
. LaTeX info: "xparse/define-command"
. 
. Defining document command \setmonofont with arg. spec. 'O{}m' on line 51.
.................................................
.................................................
. LaTeX info: "xparse/define-command"
. 
. Defining document command \setmathrm with arg. spec. 'O{}m' on line 59.
.................................................
.................................................
. LaTeX info: "xparse/define-command"
. 
. Defining document command \setboldmathrm with arg. spec. 'O{}m' on line 62.
.................................................
.................................................
. LaTeX info: "xparse/define-command"
. 
. Defining document command \setmathsf with arg. spec. 'O{}m' on line 65.
.................................................
.................................................
. LaTeX info: "xparse/define-command"
. 
. Defining document command \setmathtt with arg. spec. 'O{}m' on line 68.
.................................................
.................................................
. LaTeX info: "xparse/define-command"
. 
. Defining document command \newfontfamily with arg. spec. 'mO{}m' on line 84.
.................................................
.................................................
. LaTeX info: "xparse/define-command"
. 
. Defining document command \newfontface with arg. spec. 'mO{}m' on line 87.
.................................................
.................................................
. LaTeX info: "xparse/define-command"
. 
. Defining document command \defaultfontfeatures with arg. spec. 'm' on line
. 91.
.................................................
.................................................
. LaTeX info: "xparse/define-command"
. 
. Defining document command \addfontfeatures with arg. spec. 'm' on line 107.
.................................................
.................................................
. LaTeX info: "xparse/define-command"
. 
. Defining document command \newfontfeature with arg. spec. 'mm' on line 118.
.................................................
.................................................
. LaTeX info: "xparse/define-command"
. 
. Defining document command \newAATfeature with arg. spec. 'mmmm' on line 125.
.................................................
.................................................
. LaTeX info: "xparse/define-command"
. 
. Defining document command \newICUfeature with arg. spec. 'mmm' on line 132.
.................................................
.................................................
. LaTeX info: "xparse/define-command"
. 
. Defining document command \aliasfontfeature with arg. spec. 'mm' on line
. 159.
.................................................
.................................................
. LaTeX info: "xparse/define-command"
. 
. Defining document command \aliasfontfeatureoption with arg. spec. 'mmm' on
. line 164.
.................................................
.................................................
. LaTeX info: "xparse/define-command"
. 
. Defining document command \newfontscript with arg. spec. 'mm' on line 169.
.................................................
.................................................
. LaTeX info: "xparse/define-command"
. 
. Defining document command \newfontlanguage with arg. spec. 'mm' on line 192.
.................................................
.................................................
. LaTeX info: "xparse/define-command"
. 
. Defining document command \DeclareFontsExtensions with arg. spec. 'm' on
. line 211.
.................................................
Variant \prop_gput:cnV already defined; not changing it on line 485
Variant \prop_gput:cnx already defined; not changing it on line 486
Variant \keys_set:nx already defined; not changing it on line 963
\c@fontspec_tmp_int=\count166
LaTeX Info: Redefining \itshape on input line 1881.
LaTeX Info: Redefining \slshape on input line 1885.
LaTeX Info: Redefining \scshape on input line 1889.
LaTeX Info: Redefining \upshape on input line 1893.

(G:\CTEX\MiKTeX\tex\latex\fontspec\fontspec.cfg)))
(G:\CTEX\MiKTeX\tex\latex\xltxtra\xltxtra.sty
Package: xltxtra 2010/09/20 v0.5e Improvements for the "XeLaTeX" format

(G:\CTEX\MiKTeX\tex\generic\oberdiek\ifluatex.sty
Package: ifluatex 2010/03/01 v1.3 Provides the ifluatex switch (HO)
Package ifluatex Info: LuaTeX not detected.
)
(G:\CTEX\MiKTeX\tex\generic\ifxetex\ifxetex.sty
Package: ifxetex 2010/09/12 v0.6 Provides ifxetex conditional
)
(G:\CTEX\MiKTeX\tex\latex\realscripts\realscripts.sty
Package: realscripts 2010/09/30 v0.3 Access OpenType subscripts and superscript
s
.................................................
. LaTeX info: "xparse/define-command"
. 
. Defining document command \fakesubscript with arg. spec. 'm' on line 19.
.................................................
.................................................
. LaTeX info: "xparse/define-command"
. 
. Defining document command \fakesuperscript with arg. spec. 'm' on line 22.
.................................................

*************************************************
* LaTeX warning: "xparse/redefine-command"
* 
* Redefining document command \textsubscript with arg. spec. 's' on line 25.
*************************************************
*************************************************
* LaTeX warning: "xparse/redefine-command"
* 
* Redefining document command \textsuperscript with arg. spec. 's' on line 28.
*************************************************
.................................................
. LaTeX info: "xparse/define-command"
. 
. Defining document command \realsubscript with arg. spec. 'm' on line 45.
.................................................
.................................................
. LaTeX info: "xparse/define-command"
. 
. Defining document command \realsuperscript with arg. spec. 'm' on line 60.
.................................................
.................................................
. LaTeX info: "xparse/define-command"
. 
. Defining document command \textsubsuperscript with arg. spec. 'sO{l}mm' on
. line 137.
.................................................
.................................................
. LaTeX info: "xparse/define-command"
. 
. Defining document command \textsupersubscript with arg. spec. 'sO{l}mm' on
. line 140.
.................................................
\subsupersep=\dimen143
) (G:\CTEX\MiKTeX\tex\latex\metalogo\metalogo.sty
Package: metalogo 2010/05/29 v0.12 Extended TeX logo macros
\xl@everylogo=\toks17
\xl@@everylogo=\toks18
LaTeX Info: Redefining \TeX on input line 193.
LaTeX Info: Redefining \LaTeX on input line 202.
LaTeX Info: Redefining \LaTeXe on input line 219.
)
\xxt@tempbox=\box35
)
(G:\CTEX\MiKTeX\tex\latex\setspace\setspace.sty
Package: setspace 2011/12/19 v6.7a set line spacing
)
(G:\CTEX\MiKTeX\tex\latex\geometry\geometry.sty
Package: geometry 2010/09/12 v5.6 Page Geometry

(G:\CTEX\MiKTeX\tex\generic\oberdiek\ifpdf.sty
Package: ifpdf 2011/01/30 v2.3 Provides the ifpdf switch (HO)
Package ifpdf Info: pdfTeX in PDF mode is not detected.
)
(G:\CTEX\MiKTeX\tex\generic\oberdiek\ifvtex.sty
Package: ifvtex 2010/03/01 v1.5 Switches for detecting VTeX and its modes (HO)
Package ifvtex Info: VTeX not detected.
)
\Gm@cnth=\count167
\Gm@cntv=\count168
\c@Gm@tempcnt=\count169
\Gm@bindingoffset=\dimen144
\Gm@wd@mp=\dimen145
\Gm@odd@mp=\dimen146
\Gm@even@mp=\dimen147
\Gm@layoutwidth=\dimen148
\Gm@layoutheight=\dimen149
\Gm@layouthoffset=\dimen150
\Gm@layoutvoffset=\dimen151
\Gm@dimlist=\toks19

(G:\CTEX\MiKTeX\tex\xelatex\xetexconfig\geometry.cfg))
(G:\CTEX\MiKTeX\tex\latex\amsfonts\amssymb.sty
Package: amssymb 2009/06/22 v3.00

(G:\CTEX\MiKTeX\tex\latex\amsfonts\amsfonts.sty
Package: amsfonts 2009/06/22 v3.00 Basic AMSFonts support
\@emptytoks=\toks20
\symAMSa=\mathgroup4
\symAMSb=\mathgroup5
LaTeX Font Info:    Overwriting math alphabet `\mathfrak' in version `bold'
(Font)                  U/euf/m/n --> U/euf/b/n on input line 96.
))
(G:\CTEX\MiKTeX\tex\latex\tools\indentfirst.sty
Package: indentfirst 1995/11/23 v1.03 Indent first paragraph (DPC)
)
(G:\CTEX\MiKTeX\tex\latex\tools\enumerate.sty
Package: enumerate 1999/03/05 v3.00 enumerate extensions (DPC)
\@enLab=\toks21
)
(G:\CTEX\MiKTeX\tex\latex\ams\math\amsmath.sty
Package: amsmath 2000/07/18 v2.13 AMS math features
\@mathmargin=\skip49

For additional information on amsmath, use the `?' option.
(G:\CTEX\MiKTeX\tex\latex\ams\math\amstext.sty
Package: amstext 2000/06/29 v2.01

(G:\CTEX\MiKTeX\tex\latex\ams\math\amsgen.sty
File: amsgen.sty 1999/11/30 v2.0
\@emptytoks=\toks22
\ex@=\dimen152
))
(G:\CTEX\MiKTeX\tex\latex\ams\math\amsbsy.sty
Package: amsbsy 1999/11/29 v1.2d
\pmbraise@=\dimen153
)
(G:\CTEX\MiKTeX\tex\latex\ams\math\amsopn.sty
Package: amsopn 1999/12/14 v2.01 operator names
)
\inf@bad=\count170
LaTeX Info: Redefining \frac on input line 211.
\uproot@=\count171
\leftroot@=\count172
LaTeX Info: Redefining \overline on input line 307.
\classnum@=\count173
\DOTSCASE@=\count174
LaTeX Info: Redefining \ldots on input line 379.
LaTeX Info: Redefining \dots on input line 382.
LaTeX Info: Redefining \cdots on input line 467.
\Mathstrutbox@=\box36
\strutbox@=\box37
\big@size=\dimen154
LaTeX Font Info:    Redeclaring font encoding OML on input line 567.
LaTeX Font Info:    Redeclaring font encoding OMS on input line 568.
\macc@depth=\count175
\c@MaxMatrixCols=\count176
\dotsspace@=\muskip10
\c@parentequation=\count177
\dspbrk@lvl=\count178
\tag@help=\toks23
\row@=\count179
\column@=\count180
\maxfields@=\count181
\andhelp@=\toks24
\eqnshift@=\dimen155
\alignsep@=\dimen156
\tagshift@=\dimen157
\tagwidth@=\dimen158
\totwidth@=\dimen159
\lineht@=\dimen160
\@envbody=\toks25
\multlinegap=\skip50
\multlinetaggap=\skip51
\mathdisplay@stack=\toks26
LaTeX Info: Redefining \[ on input line 2666.
LaTeX Info: Redefining \] on input line 2667.
)
(G:\CTEX\MiKTeX\tex\latex\abstract\abstract.sty
Package: abstract 2009/06/08 v1.2a configurable abstracts
\abstitleskip=\skip52
\absleftindent=\skip53
\absrightindent=\skip54
\absparindent=\skip55
\absparsep=\skip56
)
(G:\CTEX\MiKTeX\tex\xelatex\xecjk\xeCJK.sty
Package: xeCJK 2012/01/31 2.4.5 package for typesetting CJK scripts with XeLaTe
X

(G:\CTEX\MiKTeX\tex\latex\xkeyval\xkeyval.sty
Package: xkeyval 2008/08/13 v2.6a package option processing (HA)

(G:\CTEX\MiKTeX\tex\generic\xkeyval\xkeyval.tex
\XKV@toks=\toks27
\XKV@tempa@toks=\toks28
\XKV@depth=\count182
File: xkeyval.tex 2008/08/13 v2.6a key=value parser (HA)
))
\xeCJK@cnta=\count183
\xeCJK@cntb=\count184
\xeCJK@cntc=\count185
\xeCJK@cntd=\count186
\xeCJK@cnte=\count187
\xeCJK@dima=\dimen161
LaTeX Info: Redefining \normalfont on input line 886.
LaTeX Info: Redefining \rmfamily on input line 895.
LaTeX Info: Redefining \sffamily on input line 899.
LaTeX Info: Redefining \ttfamily on input line 903.
\xeCJK@featureadded=\count188
\g_xecjk_exspace_dim=\dimen162
)
(G:\CTEX\MiKTeX\tex\latex\hyperref\hyperref.sty
Package: hyperref 2012/02/06 v6.82o Hypertext links for LaTeX

(G:\CTEX\MiKTeX\tex\generic\oberdiek\hobsub-hyperref.sty
Package: hobsub-hyperref 2011/04/23 v1.4 Bundle oberdiek, subset hyperref (HO)

(G:\CTEX\MiKTeX\tex\generic\oberdiek\hobsub-generic.sty
Package: hobsub-generic 2011/04/23 v1.4 Bundle oberdiek, subset generic (HO)
Package: hobsub 2011/04/23 v1.4 Subsetting bundle oberdiek (HO)
Package: infwarerr 2010/04/08 v1.3 Providing info/warning/message (HO)
Package: ltxcmds 2011/04/18 v1.20 LaTeX kernel commands for general use (HO)
Package hobsub Info: Skipping package `ifluatex' (already loaded).
Package hobsub Info: Skipping package `ifvtex' (already loaded).
Package: intcalc 2007/09/27 v1.1 Expandable integer calculations (HO)
Package hobsub Info: Skipping package `ifpdf' (already loaded).
Package: etexcmds 2011/02/16 v1.5 Prefix for e-TeX command names (HO)
Package etexcmds Info: Could not find \expanded.
(etexcmds)             That can mean that you are not using pdfTeX 1.50 or
(etexcmds)             that some package has redefined \expanded.
(etexcmds)             In the latter case, load this package earlier.
Package: kvsetkeys 2011/04/07 v1.13 Key value parser (HO)
Package: kvdefinekeys 2011/04/07 v1.3 Defining keys (HO)
Package: pdftexcmds 2011/04/22 v0.16 Utilities of pdfTeX for LuaTeX (HO)
Package pdftexcmds Info: LuaTeX not detected.
Package pdftexcmds Info: pdfTeX >= 1.30 not detected.
Package pdftexcmds Info: \pdf@primitive is available.
Package pdftexcmds Info: \pdf@ifprimitive is available.
Package pdftexcmds Info: \pdfdraftmode not found.
Package: pdfescape 2011/04/04 v1.12 Provides string conversions (HO)
Package: bigintcalc 2011/01/30 v1.2 Expandable big integer calculations (HO)
Package: bitset 2011/01/30 v1.1 Data type bit set (HO)
Package: uniquecounter 2011/01/30 v1.2 Provides unlimited unique counter (HO)
)
Package hobsub Info: Skipping package `hobsub' (already loaded).
Package: letltxmacro 2010/09/02 v1.4 Let assignment for LaTeX macros (HO)
Package: hopatch 2011/01/30 v1.0 Wrapper for package hooks (HO)
Package: xcolor-patch 2011/01/30 xcolor patch
Package: atveryend 2011/04/23 v1.7 Hooks at very end of document (HO)
Package: atbegshi 2011/01/30 v1.15 At begin shipout hook (HO)
Package: refcount 2010/12/01 v3.2 Data extraction from references (HO)
Package: hycolor 2011/01/30 v1.7 Color options of hyperref/bookmark (HO)
)
(G:\CTEX\MiKTeX\tex\latex\oberdiek\kvoptions.sty
Package: kvoptions 2010/12/23 v3.10 Keyval support for LaTeX options (HO)
)
\@linkdim=\dimen163
\Hy@linkcounter=\count189
\Hy@pagecounter=\count190

(G:\CTEX\MiKTeX\tex\latex\hyperref\pd1enc.def
File: pd1enc.def 2012/02/06 v6.82o Hyperref: PDFDocEncoding definition (HO)
)
\Hy@SavedSpaceFactor=\count191

(G:\CTEX\MiKTeX\tex\latex\00miktex\hyperref.cfg
File: hyperref.cfg 2002/06/06 v1.2 hyperref configuration of TeXLive
)
Package hyperref Info: Option `colorlinks' set `true' on input line 3925.
Package hyperref Info: Hyper figures OFF on input line 4046.
Package hyperref Info: Link nesting OFF on input line 4051.
Package hyperref Info: Hyper index ON on input line 4054.
Package hyperref Info: Plain pages OFF on input line 4061.
Package hyperref Info: Backreferencing OFF on input line 4066.
Package hyperref Info: Implicit mode ON; LaTeX internals redefined.
Package hyperref Info: Bookmarks ON on input line 4284.
\c@Hy@tempcnt=\count192

(G:\CTEX\MiKTeX\tex\xelatex\xetexurl\url.sty
\Urlmuskip=\muskip11
Package: url 2004/03/15  ver 3.1  Verb mode for urls, etc.
)
LaTeX Info: Redefining \url on input line 4637.
\Fld@menulength=\count193
\Field@Width=\dimen164
\Fld@charsize=\dimen165
Package hyperref Info: Hyper figures OFF on input line 5757.
Package hyperref Info: Link nesting OFF on input line 5762.
Package hyperref Info: Hyper index ON on input line 5765.
Package hyperref Info: backreferencing OFF on input line 5772.
Package hyperref Info: Link coloring ON on input line 5775.
Package hyperref Info: Link coloring with OCG OFF on input line 5782.
Package hyperref Info: PDF/A mode OFF on input line 5787.
LaTeX Info: Redefining \ref on input line 5827.
LaTeX Info: Redefining \pageref on input line 5831.
\Hy@abspage=\count194
\c@Item=\count195
\c@Hfootnote=\count196
)

Package hyperref Message: Driver (autodetected): hxetex.

(G:\CTEX\MiKTeX\tex\latex\hyperref\hxetex.def
File: hxetex.def 2012/02/06 v6.82o Hyperref driver for XeTeX

(G:\CTEX\MiKTeX\tex\latex\hyperref\puenc.def
File: puenc.def 2012/02/06 v6.82o Hyperref: PDF Unicode definition (HO)
)
(G:\CTEX\MiKTeX\tex\generic\oberdiek\stringenc.sty
Package: stringenc 2010/03/01 v1.8 Converts strings between encodings (HO)
)
\pdfm@box=\box38
\c@Hy@AnnotLevel=\count197
\HyField@AnnotCount=\count198
\Fld@listcount=\count199
\c@bookmark@seq@number=\count200

(G:\CTEX\MiKTeX\tex\latex\oberdiek\rerunfilecheck.sty
Package: rerunfilecheck 2011/04/15 v1.7 Rerun checks for auxiliary files (HO)
Package rerunfilecheck Info: Feature \pdfmdfivesum is not available
(rerunfilecheck)             (e.g. pdfTeX or LuaTeX with package `pdftexcmds').

(rerunfilecheck)             Therefore file contents cannot be checked efficien
tly
(rerunfilecheck)             and the loading of the package is aborted.
)
\Hy@SectionHShift=\skip57
)
(G:\CTEX\MiKTeX\tex\latex\titlesec\titlesec.sty
Package: titlesec 2011/12/15 v2.10.0 Sectioning titles
\ttl@box=\box39
\beforetitleunit=\skip58
\aftertitleunit=\skip59
\ttl@plus=\dimen166
\ttl@minus=\dimen167
\ttl@toksa=\toks29
\titlewidth=\dimen168
\titlewidthlast=\dimen169
\titlewidthfirst=\dimen170
)
(G:\CTEX\MiKTeX\tex\latex\base\latexsym.sty
Package: latexsym 1998/08/17 v2.2e Standard LaTeX package (lasy symbols)
\symlasy=\mathgroup6
LaTeX Font Info:    Overwriting symbol font `lasy' in version `bold'
(Font)                  U/lasy/m/n --> U/lasy/b/n on input line 47.
)
(G:\CTEX\MiKTeX\tex\latex\ams\classes\amsthm.sty
Package: amsthm 2004/08/06 v2.20
\thm@style=\toks30
\thm@bodyfont=\toks31
\thm@headfont=\toks32
\thm@notefont=\toks33
\thm@headpunct=\toks34
\thm@preskip=\skip60
\thm@postskip=\skip61
\thm@headsep=\skip62
\dth@everypar=\toks35
)
(G:\CTEX\MiKTeX\tex\latex\tocvsec2\tocvsec2.sty
Package: tocvsec2 2011/08/07 v1.3 variable ToC section entries

(G:\CTEX\MiKTeX\tex\latex\base\ifthen.sty
Package: ifthen 2001/05/26 v1.1c Standard LaTeX ifthen package (DPC)
)
\c@max@tocdepth=\count201
Normal \count register pool exhausted, switching to extended pool.
\c@max@secnumdepth=\count277
)
(G:\CTEX\MiKTeX\tex\latex\tools\longtable.sty
Package: longtable 2004/02/01 v4.11 Multi-page Table package (DPC)
\LTleft=\skip63
\LTright=\skip64
\LTpre=\skip65
\LTpost=\skip66
\LTchunksize=\count278
\LTcapwidth=\dimen171
\LT@head=\box40
\LT@firsthead=\box41
\LT@foot=\box42
\LT@lastfoot=\box43
\LT@cols=\count279
\LT@rows=\count280
\c@LT@tables=\count281
\c@LT@chunks=\count282
\LT@p@ftn=\toks36
)
(G:\CTEX\MiKTeX\tex\latex\booktabs\booktabs.sty
Package: booktabs 2005/04/14 v1.61803 publication quality tables
\heavyrulewidth=\dimen172
\lightrulewidth=\dimen173
\cmidrulewidth=\dimen174
\belowrulesep=\dimen175
\belowbottomsep=\dimen176
\aboverulesep=\dimen177
\abovetopsep=\dimen178
\cmidrulesep=\dimen179
\cmidrulekern=\dimen180
\defaultaddspace=\dimen181
\@cmidla=\count283
\@cmidlb=\count284
\@aboverulesep=\dimen182
\@belowrulesep=\dimen183
\@thisruleclass=\count285
\@lastruleclass=\count286
\@thisrulewidth=\dimen184
)
(G:\CTEX\MiKTeX\tex\latex\fancyhdr\fancyhdr.sty
\fancy@headwidth=\skip67
\f@ncyO@elh=\skip68
\f@ncyO@erh=\skip69
\f@ncyO@olh=\skip70
\f@ncyO@orh=\skip71
\f@ncyO@elf=\skip72
\f@ncyO@erf=\skip73
\f@ncyO@olf=\skip74
\f@ncyO@orf=\skip75
)
(G:\CTEX\MiKTeX\tex\latex\base\makeidx.sty
Package: makeidx 2000/03/29 v1.0m Standard LaTeX package
)
(G:\CTEX\MiKTeX\tex\latex\bbding\bbding.sty
Package: bbding 1999/04/15 v1.01 Dingbats symbols
)
(G:\CTEX\MiKTeX\tex\latex\cite\cite.sty
LaTeX Info: Redefining \cite on input line 302.
LaTeX Info: Redefining \nocite on input line 373.
Package: cite 2010/09/10  v 5.3
)
(G:\CTEX\MiKTeX\tex\latex\multirow\multirow.sty
\bigstrutjot=\dimen185
)
(G:\CTEX\MiKTeX\tex\latex\listings\listings.sty
\lst@mode=\count287
\lst@gtempboxa=\box44
\lst@token=\toks37
\lst@length=\count288
\lst@currlwidth=\dimen186
\lst@column=\count289
\lst@pos=\count290
\lst@lostspace=\dimen187
\lst@width=\dimen188
\lst@newlines=\count291
\lst@lineno=\count292
\lst@maxwidth=\dimen189

(G:\CTEX\MiKTeX\tex\latex\listings\lstmisc.sty
File: lstmisc.sty 2007/02/22 1.4 (Carsten Heinz)
\c@lstnumber=\count293
\lst@skipnumbers=\count294
\lst@framebox=\box45
)
(G:\CTEX\MiKTeX\tex\latex\listings\listings.cfg
File: listings.cfg 2007/02/22 1.4 listings configuration
))
Package: listings 2007/02/22 1.4 (Carsten Heinz)
Requested font "Times New Roman" at 10.0pt
 -> C:/Windows/Fonts/times.ttf
Requested font "Times New Roman/ICU" at 10.0pt
 -> C:/Windows/Fonts/times.ttf
\g_fontspec_family_Times New Roman_int=\count295
Requested font "Times New Roman/B/ICU" at 10.0pt
 -> C:/Windows/Fonts/timesbd.ttf
Requested font "Times New Roman/B/B/ICU" at 10.0pt
 -> C:/Windows/Fonts/timesbd.ttf
Requested font "Times New Roman/I/ICU" at 10.0pt
 -> C:/Windows/Fonts/timesi.ttf
Requested font "Times New Roman/I/I/ICU" at 10.0pt
 -> C:/Windows/Fonts/timesi.ttf
Requested font "Times New Roman/BI/ICU" at 10.0pt
 -> C:/Windows/Fonts/timesbi.ttf
Requested font "Times New Roman/BI/BI/ICU" at 10.0pt
 -> C:/Windows/Fonts/timesbi.ttf
.................................................
. fontspec info: "defining-font"
. 
. Font family 'TimesNewRoman(0)' created for font 'Times New Roman' with
. options [Mapping=tex-text,].
. 
. This font family consists of the following shapes:
. 
. * 'normal' with NFSS spec.:
. <->"Times New Roman/ICU:script=latn;language=DFLT;mapping=tex-text;"
. 
. * 'small caps' with NFSS spec.:
. <->"Times New Roman/ICU:script=latn;language=DFLT;mapping=tex-text;+smcp;"
. 
. * 'bold' with NFSS spec.:
. <->"Times New Roman/B/ICU:script=latn;language=DFLT;mapping=tex-text;"
. 
. * 'bold small caps' with NFSS spec.:
. <->"Times New Roman/B/ICU:script=latn;language=DFLT;mapping=tex-text;+smcp;"
. 
. * 'italic' with NFSS spec.:
. <->"Times New Roman/I/ICU:script=latn;language=DFLT;mapping=tex-text;"
. 
. * 'italic small caps' with NFSS spec.:
. <->"Times New Roman/I/ICU:script=latn;language=DFLT;mapping=tex-text;+smcp;"
. 
. * 'bold italic' with NFSS spec.:
. <->"Times New Roman/BI/ICU:script=latn;language=DFLT;mapping=tex-text;"
. 
. * 'bold italic small caps' with NFSS spec.:
. <->"Times New
. Roman/BI/ICU:script=latn;language=DFLT;mapping=tex-text;+smcp;"
.................................................
Requested font "Times New Roman/ICU:script=latn;language=DFLT;mapping=tex-text;
" at 10.0pt
 -> C:/Windows/Fonts/times.ttf
Requested font "Arial" at 10.0pt
 -> C:/Windows/Fonts/arial.ttf
Requested font "Arial/ICU" at 10.0pt
 -> C:/Windows/Fonts/arial.ttf
\g_fontspec_family_Arial_int=\count296
Requested font "Arial/B/ICU" at 10.0pt
 -> C:/Windows/Fonts/arialbd.ttf
Requested font "Arial/B/B/ICU" at 10.0pt
 -> C:/Windows/Fonts/arialbd.ttf
Requested font "Arial/I/ICU" at 10.0pt
 -> C:/Windows/Fonts/ariali.ttf
Requested font "Arial/I/I/ICU" at 10.0pt
 -> C:/Windows/Fonts/ariali.ttf
Requested font "Arial/BI/ICU" at 10.0pt
 -> C:/Windows/Fonts/arialbi.ttf
Requested font "Arial/BI/BI/ICU" at 10.0pt
 -> C:/Windows/Fonts/arialbi.ttf
.................................................
. fontspec info: "defining-font"
. 
. Font family 'Arial(0)' created for font 'Arial' with options
. [Mapping=tex-text,].
. 
. This font family consists of the following shapes:
. 
. * 'normal' with NFSS spec.:
. <->"Arial/ICU:script=latn;language=DFLT;mapping=tex-text;"
. 
. * 'small caps' with NFSS spec.:
. <->"Arial/ICU:script=latn;language=DFLT;mapping=tex-text;+smcp;"
. 
. * 'bold' with NFSS spec.:
. <->"Arial/B/ICU:script=latn;language=DFLT;mapping=tex-text;"
. 
. * 'bold small caps' with NFSS spec.:
. <->"Arial/B/ICU:script=latn;language=DFLT;mapping=tex-text;+smcp;"
. 
. * 'italic' with NFSS spec.:
. <->"Arial/I/ICU:script=latn;language=DFLT;mapping=tex-text;"
. 
. * 'italic small caps' with NFSS spec.:
. <->"Arial/I/ICU:script=latn;language=DFLT;mapping=tex-text;+smcp;"
. 
. * 'bold italic' with NFSS spec.:
. <->"Arial/BI/ICU:script=latn;language=DFLT;mapping=tex-text;"
. 
. * 'bold italic small caps' with NFSS spec.:
. <->"Arial/BI/ICU:script=latn;language=DFLT;mapping=tex-text;+smcp;"
.................................................
Requested font "Consolas" at 10.0pt
 -> C:/Windows/Fonts/consola.ttf
Requested font "Consolas/ICU" at 10.0pt
 -> C:/Windows/Fonts/consola.ttf
\g_fontspec_family_Consolas_int=\count297
Requested font "Consolas/B/ICU" at 10.0pt
 -> C:/Windows/Fonts/consolab.ttf
Requested font "Consolas/B/B/ICU" at 10.0pt
 -> C:/Windows/Fonts/consolab.ttf
Requested font "Consolas/I/ICU" at 10.0pt
 -> C:/Windows/Fonts/consolai.ttf
Requested font "Consolas/I/I/ICU" at 10.0pt
 -> C:/Windows/Fonts/consolai.ttf
Requested font "Consolas/BI/ICU" at 10.0pt
 -> C:/Windows/Fonts/consolaz.ttf
Requested font "Consolas/BI/BI/ICU" at 10.0pt
 -> C:/Windows/Fonts/consolaz.ttf
.................................................
. fontspec info: "defining-font"
. 
. Font family 'Consolas(0)' created for font 'Consolas' with options
. [Mapping=tex-text,].
. 
. This font family consists of the following shapes:
. 
. * 'normal' with NFSS spec.:
. <->"Consolas/ICU:script=latn;language=DFLT;mapping=tex-text;"
. 
. * 'bold' with NFSS spec.:
. <->"Consolas/B/ICU:script=latn;language=DFLT;mapping=tex-text;"
. 
. * 'italic' with NFSS spec.:
. <->"Consolas/I/ICU:script=latn;language=DFLT;mapping=tex-text;"
. 
. * 'bold italic' with NFSS spec.:
. <->"Consolas/BI/ICU:script=latn;language=DFLT;mapping=tex-text;"
.................................................

(G:\CTEX\MiKTeX\tex\latex\listings\lstlang1.sty
File: lstlang1.sty 2004/09/05 1.3 listings language file
)
("G:/Data Analysis Softwares/R-3.2.3/share/texmf/tex/latex\Sweave.sty"
Package: Sweave 

(G:\CTEX\MiKTeX\tex\latex\fancyvrb\fancyvrb.sty
Package: fancyvrb 2008/02/07

Style option: `fancyvrb' v2.7a, with DG/SPQR fixes, and firstline=lastline fix 
<2008/02/07> (tvz)
\FV@CodeLineNo=\count298
\FV@InFile=\read1
\FV@TabBox=\box46
\c@FancyVerbLine=\count299
\FV@StepNumber=\count300
\FV@OutFile=\write3
) (G:\CTEX\MiKTeX\tex\latex\base\textcomp.sty
Package: textcomp 2005/09/27 v1.99g Standard LaTeX package
Package textcomp Info: Sub-encoding information:
(textcomp)               5 = only ISO-Adobe without \textcurrency
(textcomp)               4 = 5 + \texteuro
(textcomp)               3 = 4 + \textohm
(textcomp)               2 = 3 + \textestimated + \textcurrency
(textcomp)               1 = TS1 - \textcircled - \t
(textcomp)               0 = TS1 (full)
(textcomp)             Font families with sub-encoding setting implement
(textcomp)             only a restricted character set as indicated.
(textcomp)             Family '?' is the default used for unknown fonts.
(textcomp)             See the documentation for details.
Package textcomp Info: Setting ? sub-encoding to TS1/1 on input line 71.

(G:\CTEX\MiKTeX\tex\latex\base\ts1enc.def
File: ts1enc.def 2001/06/05 v3.0e (jk/car/fm) Standard LaTeX file
)
LaTeX Info: Redefining \oldstylenums on input line 266.
Package textcomp Info: Setting cmr sub-encoding to TS1/0 on input line 281.
Package textcomp Info: Setting cmss sub-encoding to TS1/0 on input line 282.
Package textcomp Info: Setting cmtt sub-encoding to TS1/0 on input line 283.
Package textcomp Info: Setting cmvtt sub-encoding to TS1/0 on input line 284.
Package textcomp Info: Setting cmbr sub-encoding to TS1/0 on input line 285.
Package textcomp Info: Setting cmtl sub-encoding to TS1/0 on input line 286.
Package textcomp Info: Setting ccr sub-encoding to TS1/0 on input line 287.
Package textcomp Info: Setting ptm sub-encoding to TS1/4 on input line 288.
Package textcomp Info: Setting pcr sub-encoding to TS1/4 on input line 289.
Package textcomp Info: Setting phv sub-encoding to TS1/4 on input line 290.
Package textcomp Info: Setting ppl sub-encoding to TS1/3 on input line 291.
Package textcomp Info: Setting pag sub-encoding to TS1/4 on input line 292.
Package textcomp Info: Setting pbk sub-encoding to TS1/4 on input line 293.
Package textcomp Info: Setting pnc sub-encoding to TS1/4 on input line 294.
Package textcomp Info: Setting pzc sub-encoding to TS1/4 on input line 295.
Package textcomp Info: Setting bch sub-encoding to TS1/4 on input line 296.
Package textcomp Info: Setting put sub-encoding to TS1/5 on input line 297.
Package textcomp Info: Setting uag sub-encoding to TS1/5 on input line 298.
Package textcomp Info: Setting ugq sub-encoding to TS1/5 on input line 299.
Package textcomp Info: Setting ul8 sub-encoding to TS1/4 on input line 300.
Package textcomp Info: Setting ul9 sub-encoding to TS1/4 on input line 301.
Package textcomp Info: Setting augie sub-encoding to TS1/5 on input line 302.
Package textcomp Info: Setting dayrom sub-encoding to TS1/3 on input line 303.
Package textcomp Info: Setting dayroms sub-encoding to TS1/3 on input line 304.

Package textcomp Info: Setting pxr sub-encoding to TS1/0 on input line 305.
Package textcomp Info: Setting pxss sub-encoding to TS1/0 on input line 306.
Package textcomp Info: Setting pxtt sub-encoding to TS1/0 on input line 307.
Package textcomp Info: Setting txr sub-encoding to TS1/0 on input line 308.
Package textcomp Info: Setting txss sub-encoding to TS1/0 on input line 309.
Package textcomp Info: Setting txtt sub-encoding to TS1/0 on input line 310.
Package textcomp Info: Setting lmr sub-encoding to TS1/0 on input line 311.
Package textcomp Info: Setting lmdh sub-encoding to TS1/0 on input line 312.
Package textcomp Info: Setting lmss sub-encoding to TS1/0 on input line 313.
Package textcomp Info: Setting lmssq sub-encoding to TS1/0 on input line 314.
Package textcomp Info: Setting lmvtt sub-encoding to TS1/0 on input line 315.
Package textcomp Info: Setting qhv sub-encoding to TS1/0 on input line 316.
Package textcomp Info: Setting qag sub-encoding to TS1/0 on input line 317.
Package textcomp Info: Setting qbk sub-encoding to TS1/0 on input line 318.
Package textcomp Info: Setting qcr sub-encoding to TS1/0 on input line 319.
Package textcomp Info: Setting qcs sub-encoding to TS1/0 on input line 320.
Package textcomp Info: Setting qpl sub-encoding to TS1/0 on input line 321.
Package textcomp Info: Setting qtm sub-encoding to TS1/0 on input line 322.
Package textcomp Info: Setting qzc sub-encoding to TS1/0 on input line 323.
Package textcomp Info: Setting qhvc sub-encoding to TS1/0 on input line 324.
Package textcomp Info: Setting futs sub-encoding to TS1/4 on input line 325.
Package textcomp Info: Setting futx sub-encoding to TS1/4 on input line 326.
Package textcomp Info: Setting futj sub-encoding to TS1/4 on input line 327.
Package textcomp Info: Setting hlh sub-encoding to TS1/3 on input line 328.
Package textcomp Info: Setting hls sub-encoding to TS1/3 on input line 329.
Package textcomp Info: Setting hlst sub-encoding to TS1/3 on input line 330.
Package textcomp Info: Setting hlct sub-encoding to TS1/5 on input line 331.
Package textcomp Info: Setting hlx sub-encoding to TS1/5 on input line 332.
Package textcomp Info: Setting hlce sub-encoding to TS1/5 on input line 333.
Package textcomp Info: Setting hlcn sub-encoding to TS1/5 on input line 334.
Package textcomp Info: Setting hlcw sub-encoding to TS1/5 on input line 335.
Package textcomp Info: Setting hlcf sub-encoding to TS1/5 on input line 336.
Package textcomp Info: Setting pplx sub-encoding to TS1/3 on input line 337.
Package textcomp Info: Setting pplj sub-encoding to TS1/3 on input line 338.
Package textcomp Info: Setting ptmx sub-encoding to TS1/4 on input line 339.
Package textcomp Info: Setting ptmj sub-encoding to TS1/4 on input line 340.
)
(G:\CTEX\MiKTeX\tex\latex\base\fontenc.sty
Package: fontenc 2005/09/27 v1.99g Standard LaTeX package

(G:\CTEX\MiKTeX\tex\latex\base\t1enc.def
File: t1enc.def 2005/09/27 v1.99g Standard LaTeX file
LaTeX Font Info:    Redeclaring font encoding T1 on input line 43.
)
LaTeX Font Info:    Try loading font information for T1+TimesNewRoman(0) on inp
ut line 100.
LaTeX Font Info:    No file T1TimesNewRoman(0).fd. on input line 100.


LaTeX Font Warning: Font shape `T1/TimesNewRoman(0)/m/n' undefined
(Font)              using `T1/cmr/m/n' instead on input line 100.

Requested font "ecrm1000" at 10.0pt
 -> ecrm1000
) (G:\CTEX\MiKTeX\tex\latex\ae\ae.sty
Package: ae 2001/02/12 1.3 Almost European Computer Modern

(G:\CTEX\MiKTeX\tex\latex\base\fontenc.sty
Package: fontenc 2005/09/27 v1.99g Standard LaTeX package

(G:\CTEX\MiKTeX\tex\latex\base\t1enc.def
File: t1enc.def 2005/09/27 v1.99g Standard LaTeX file
LaTeX Font Info:    Redeclaring font encoding T1 on input line 43.
)
LaTeX Font Info:    Try loading font information for T1+aer on input line 100.
 (G:\CTEX\MiKTeX\tex\latex\ae\t1aer.fd
File: t1aer.fd 1997/11/16 Font definitions for T1/aer.
)
Requested font "aer10" at 10.0pt
 -> aer10
))) (C:\Users\kira2\Dropbox\STT864\Project\Reprot_sweave.aux

LaTeX Warning: Label `fig:res' multiply defined.

)
LaTeX Font Info:    Checking defaults for OML/cmm/m/it on input line 125.
LaTeX Font Info:    ... okay on input line 125.
LaTeX Font Info:    Checking defaults for T1/cmr/m/n on input line 125.
LaTeX Font Info:    ... okay on input line 125.
LaTeX Font Info:    Checking defaults for OT1/cmr/m/n on input line 125.
LaTeX Font Info:    ... okay on input line 125.
LaTeX Font Info:    Checking defaults for OMS/cmsy/m/n on input line 125.
LaTeX Font Info:    ... okay on input line 125.
LaTeX Font Info:    Checking defaults for OMX/cmex/m/n on input line 125.
LaTeX Font Info:    ... okay on input line 125.
LaTeX Font Info:    Checking defaults for U/cmr/m/n on input line 125.
LaTeX Font Info:    ... okay on input line 125.
LaTeX Font Info:    Checking defaults for EU1/lmr/m/n on input line 125.
LaTeX Font Info:    ... okay on input line 125.
LaTeX Font Info:    Checking defaults for T3/cmr/m/n on input line 125.
LaTeX Font Info:    Try loading font information for T3+cmr on input line 125.
 (G:\CTEX\MiKTeX\tex\latex\tipa\t3cmr.fd
File: t3cmr.fd 2001/12/31 TIPA font definitions
)
LaTeX Font Info:    ... okay on input line 125.
LaTeX Font Info:    Checking defaults for PD1/pdf/m/n on input line 125.
LaTeX Font Info:    ... okay on input line 125.
LaTeX Font Info:    Checking defaults for PU/pdf/m/n on input line 125.
LaTeX Font Info:    ... okay on input line 125.
LaTeX Font Info:    Checking defaults for TS1/cmr/m/n on input line 125.
LaTeX Font Info:    Try loading font information for TS1+cmr on input line 125.


(G:\CTEX\MiKTeX\tex\latex\base\ts1cmr.fd
File: ts1cmr.fd 1999/05/25 v2.5h Standard LaTeX font definitions
)
LaTeX Font Info:    ... okay on input line 125.
Requested font "aer12" at 12.0pt
 -> aer12
.................................................
. fontspec info: "setup-math"
. 
. Adjusting the maths setup (use [no-math] to avoid this).
.................................................
\symlegacymaths=\mathgroup7
LaTeX Font Info:    Overwriting symbol font `legacymaths' in version `bold'
(Font)                  OT1/cmr/m/n --> OT1/cmr/bx/n on input line 125.
LaTeX Font Info:    Redeclaring math accent \acute on input line 125.
LaTeX Font Info:    Redeclaring math accent \grave on input line 125.
LaTeX Font Info:    Redeclaring math accent \ddot on input line 125.
LaTeX Font Info:    Redeclaring math accent \tilde on input line 125.
LaTeX Font Info:    Redeclaring math accent \bar on input line 125.
LaTeX Font Info:    Redeclaring math accent \breve on input line 125.
LaTeX Font Info:    Redeclaring math accent \check on input line 125.
LaTeX Font Info:    Redeclaring math accent \hat on input line 125.
LaTeX Font Info:    Redeclaring math accent \dot on input line 125.
LaTeX Font Info:    Redeclaring math accent \mathring on input line 125.
LaTeX Font Info:    Redeclaring math symbol \Gamma on input line 125.
LaTeX Font Info:    Redeclaring math symbol \Delta on input line 125.
LaTeX Font Info:    Redeclaring math symbol \Theta on input line 125.
LaTeX Font Info:    Redeclaring math symbol \Lambda on input line 125.
LaTeX Font Info:    Redeclaring math symbol \Xi on input line 125.
LaTeX Font Info:    Redeclaring math symbol \Pi on input line 125.
LaTeX Font Info:    Redeclaring math symbol \Sigma on input line 125.
LaTeX Font Info:    Redeclaring math symbol \Upsilon on input line 125.
LaTeX Font Info:    Redeclaring math symbol \Phi on input line 125.
LaTeX Font Info:    Redeclaring math symbol \Psi on input line 125.
LaTeX Font Info:    Redeclaring math symbol \Omega on input line 125.
LaTeX Font Info:    Redeclaring math symbol \mathdollar on input line 125.
LaTeX Font Info:    Redeclaring symbol font `operators' on input line 125.
LaTeX Font Info:    Encoding `OT1' has changed to `EU1' for symbol font
(Font)              `operators' in the math version `normal' on input line 125.

LaTeX Font Info:    Overwriting symbol font `operators' in version `normal'
(Font)                  OT1/cmr/m/n --> EU1/aer/m/n on input line 125.
LaTeX Font Info:    Encoding `OT1' has changed to `EU1' for symbol font
(Font)              `operators' in the math version `bold' on input line 125.
LaTeX Font Info:    Overwriting symbol font `operators' in version `bold'
(Font)                  OT1/cmr/bx/n --> EU1/aer/m/n on input line 125.
LaTeX Font Info:    Overwriting symbol font `operators' in version `normal'
(Font)                  EU1/aer/m/n --> EU1/aer/m/n on input line 125.
LaTeX Font Info:    Overwriting math alphabet `\mathrm' in version `normal'
(Font)                  EU1/aer/m/n --> EU1/aer/m/n on input line 125.
LaTeX Font Info:    Overwriting math alphabet `\mathit' in version `normal'
(Font)                  OT1/cmr/m/it --> EU1/aer/m/it on input line 125.
LaTeX Font Info:    Overwriting math alphabet `\mathbf' in version `normal'
(Font)                  OT1/cmr/bx/n --> EU1/aer/bx/n on input line 125.
LaTeX Font Info:    Overwriting math alphabet `\mathsf' in version `normal'
(Font)                  OT1/cmss/m/n --> EU1/aess/m/n on input line 125.
LaTeX Font Info:    Overwriting math alphabet `\mathtt' in version `normal'
(Font)                  OT1/cmtt/m/n --> EU1/aett/m/n on input line 125.
LaTeX Font Info:    Overwriting symbol font `operators' in version `bold'
(Font)                  EU1/aer/m/n --> EU1/aer/bx/n on input line 125.
LaTeX Font Info:    Overwriting math alphabet `\mathrm' in version `bold'
(Font)                  EU1/aer/m/n --> EU1/aer/bx/n on input line 125.
LaTeX Font Info:    Overwriting math alphabet `\mathit' in version `bold'
(Font)                  OT1/cmr/bx/it --> EU1/aer/bx/it on input line 125.
LaTeX Font Info:    Overwriting math alphabet `\mathsf' in version `bold'
(Font)                  OT1/cmss/bx/n --> EU1/aess/bx/n on input line 125.
LaTeX Font Info:    Overwriting math alphabet `\mathtt' in version `bold'
(Font)                  OT1/cmtt/m/n --> EU1/aett/bx/n on input line 125.

*geometry* detected driver: pdftex
*geometry* verbose mode - [ preamble ] result:
* driver: pdftex
* paper: letterpaper
* layout: <same size as paper>
* layoutoffset:(h,v)=(0.0pt,0.0pt)
* modes: 
* h-part:(L,W,R)=(86.72377pt, 455.30124pt, 72.26999pt)
* v-part:(T,H,B)=(86.72377pt, 621.52245pt, 86.72377pt)
* \paperwidth=614.295pt
* \paperheight=794.96999pt
* \textwidth=455.30124pt
* \textheight=621.52245pt
* \oddsidemargin=14.45378pt
* \evensidemargin=14.45378pt
* \topmargin=-22.54622pt
* \headheight=12.0pt
* \headsep=25.0pt
* \topskip=12.0pt
* \footskip=30.0pt
* \marginparwidth=44.0pt
* \marginparsep=10.0pt
* \columnsep=10.0pt
* \skip\footins=14.22636pt
* \hoffset=0.0pt
* \voffset=0.0pt
* \mag=1000
* \@twocolumnfalse
* \@twosidefalse
* \@mparswitchfalse
* \@reversemarginfalse
* (1in=72.27pt=25.4mm, 1cm=28.453pt)

\AtBeginShipoutBox=\box47
Package hyperref Info: Link coloring ON on input line 125.
(G:\CTEX\MiKTeX\tex\latex\hyperref\nameref.sty
Package: nameref 2010/04/30 v2.40 Cross-referencing by name of section

(G:\CTEX\MiKTeX\tex\generic\oberdiek\gettitlestring.sty
Package: gettitlestring 2010/12/03 v1.4 Cleanup title references (HO)
)
\c@section@level=\count301
)
LaTeX Info: Redefining \ref on input line 125.
LaTeX Info: Redefining \pageref on input line 125.
LaTeX Info: Redefining \nameref on input line 125.

(C:\Users\kira2\Dropbox\STT864\Project\Reprot_sweave.out)
(C:\Users\kira2\Dropbox\STT864\Project\Reprot_sweave.out)
\@outlinefile=\write4
\c@lstlisting=\count302

(C:\Users\kira2\Dropbox\STT864\Project\Reprot_sweave-concordance.tex
\pdfoutput=\count303
)
Requested font "aer17" at 20.74pt
 -> aer17
Requested font "aer12" at 14.4pt
 -> aer12
LaTeX Font Info:    Try loading font information for EU1+aer on input line 130.

LaTeX Font Info:    No file EU1aer.fd. on input line 130.


LaTeX Font Warning: Font shape `EU1/aer/m/n' undefined
(Font)              using `EU1/lmr/m/n' instead on input line 130.

Requested font "[lmroman12-regular]:mapping=tex-text" at 14.4pt
 -> G:/CTEX/MiKTeX/fonts/opentype/public/lm/lmroman12-regular.otf
Requested font "[lmroman7-regular]:mapping=tex-text" at 7.0pt
 -> G:/CTEX/MiKTeX/fonts/opentype/public/lm/lmroman7-regular.otf
Requested font "cmmi12" at 14.4pt
 -> cmmi12
Requested font "cmsy10" at 14.4pt
 -> cmsy10
Requested font "cmex10" at 14.4pt
 -> cmex10
Requested font "cmex7" at 7.0pt
 -> cmex7
LaTeX Font Info:    Try loading font information for U+msa on input line 130.
(G:\CTEX\MiKTeX\tex\latex\amsfonts\umsa.fd
File: umsa.fd 2009/06/22 v3.00 AMS symbols A
)
Requested font "msam10" at 14.4pt
 -> msam10
Requested font "msam10" at 10.0pt
 -> msam10
Requested font "msam7" at 7.0pt
 -> msam7
LaTeX Font Info:    Try loading font information for U+msb on input line 130.

(G:\CTEX\MiKTeX\tex\latex\amsfonts\umsb.fd
File: umsb.fd 2009/06/22 v3.00 AMS symbols B
)
Requested font "msbm10" at 14.4pt
 -> msbm10
Requested font "msbm10" at 10.0pt
 -> msbm10
Requested font "msbm7" at 7.0pt
 -> msbm7
LaTeX Font Info:    Try loading font information for U+lasy on input line 130.

(G:\CTEX\MiKTeX\tex\latex\base\ulasy.fd
File: ulasy.fd 1998/08/17 v2.2e LaTeX symbol font definitions
)
Requested font "lasy10" at 14.4pt
 -> lasy10
Requested font "lasy10" at 10.0pt
 -> lasy10
Requested font "lasy7" at 7.0pt
 -> lasy7
Requested font "cmr12" at 14.4pt
 -> cmr12
Requested font "aer10" at 10.95pt
 -> aer10
Requested font "aebx10" at 10.95pt
 -> aebx10
Requested font "aer17" at 17.28pt
 -> aer17
Requested font "aebx12" at 17.28pt
 -> aebx12
Requested font "aebx12" at 12.0pt
 -> aebx12
Requested font "[lmroman12-regular]:mapping=tex-text" at 12.0pt
 -> G:/CTEX/MiKTeX/fonts/opentype/public/lm/lmroman12-regular.otf
Requested font "[lmroman8-regular]:mapping=tex-text" at 8.0pt
 -> G:/CTEX/MiKTeX/fonts/opentype/public/lm/lmroman8-regular.otf
Requested font "[lmroman6-regular]:mapping=tex-text" at 6.0pt
 -> G:/CTEX/MiKTeX/fonts/opentype/public/lm/lmroman6-regular.otf
Requested font "cmmi12" at 12.0pt
 -> cmmi12
Requested font "cmmi8" at 8.0pt
 -> cmmi8
Requested font "cmmi6" at 6.0pt
 -> cmmi6
Requested font "cmsy10" at 12.0pt
 -> cmsy10
Requested font "cmsy8" at 8.0pt
 -> cmsy8
Requested font "cmsy6" at 6.0pt
 -> cmsy6
Requested font "cmex10" at 12.0pt
 -> cmex10
Requested font "cmex8" at 8.0pt
 -> cmex8
Requested font "cmex7" at 6.0pt
 -> cmex7
Requested font "msam10" at 12.0pt
 -> msam10
Requested font "msam10" at 8.0pt
 -> msam10
Requested font "msam7" at 6.0pt
 -> msam7
Requested font "msbm10" at 12.0pt
 -> msbm10
Requested font "msbm10" at 8.0pt
 -> msbm10
Requested font "msbm7" at 6.0pt
 -> msbm7
Requested font "lasy10" at 12.0pt
 -> lasy10
Requested font "lasy8" at 8.0pt
 -> lasy8
Requested font "lasy6" at 6.0pt
 -> lasy6
Requested font "cmr8" at 8.0pt
 -> cmr8
Requested font "cmr6" at 6.0pt
 -> cmr6
File: Sentinel_location.jpg Graphic file (type QTm)
 <use  "Sentinel_location.jpg" >

! LaTeX Error: Command \nobreakspace unavailable in encoding T1.

See the LaTeX manual or LaTeX Companion for explanation.
Type  H <return>  for immediate help.
 ...                                              
                                                  
l.147 \caption{Sentinel Location Distribution}
                                              
Your command was ignored.
Type  I <command> <return>  to replace it with another command,
or  <return>  to continue without it.

(G:\CTEX\MiKTeX\tex\generic\oberdiek\se-ascii-print.def
File: se-ascii-print.def 2010/03/01 v1.8 stringenc: Printable ASCII characters
) [1

]
LaTeX Font Info:    Try loading font information for TS1+aer on input line 156.


("G:/Data Analysis Softwares/R-3.2.3/share/texmf/tex/latex\ts1aer.fd"
File: ts1aer.fd 
)
LaTeX Font Info:    Font shape `TS1/aer/m/n' in size <12> not available
(Font)              Font shape `TS1/cmr/m/n' tried instead on input line 156.
Requested font "tcrm1200" at 12.0pt
 -> tcrm1200
 [2]
File: Lead_w_outliers.png Graphic file (type QTm)

<use  "Lead_w_outliers.png" >
File: Copper_w_outliers.png Graphic file (type QTm)
 <use  "Copper_w_outliers.png" >

! LaTeX Error: Command \nobreakspace unavailable in encoding T1.

See the LaTeX manual or LaTeX Companion for explanation.
Type  H <return>  for immediate help.
 ...                                              
                                                  
l.177 \caption{Lead and Copper Level}
                                     
Your command was ignored.
Type  I <command> <return>  to replace it with another command,
or  <return>  to continue without it.


LaTeX Warning: `h' float specifier changed to `ht'.

Package atveryend Info: Empty hook `BeforeClearDocument' on input line 206.
[3] [4]
Package atveryend Info: Empty hook `AfterLastShipout' on input line 206.
 (C:\Users\kira2\Dropbox\STT864\Project\Reprot_sweave.aux)
Package atveryend Info: Empty hook `AtVeryEndDocument' on input line 206.
Package atveryend Info: Empty hook `AtEndAfterFileList' on input line 206.


LaTeX Font Warning: Some font shapes were not available, defaults substituted.


LaTeX Warning: There were multiply-defined labels.

 ) 
Here is how much of TeX's memory you used:
 23232 strings out of 430478
 428565 string characters out of 3191502
 504155 words of memory out of 3000000
 26021 multiletter control sequences out of 15000+200000
 26340 words of font info for 86 fonts, out of 3000000 for 9000
 14 hyphenation exceptions out of 8191
 44i,8n,72p,1953b,392s stack positions out of 5000i,500n,10000p,200000b,50000s

Output written on Reprot_sweave.pdf (4 pages).
